<?xml version="1.0" encoding="UTF-8"?>
<!-- Generated by org.testng.reporters.JUnitXMLReporter -->
<testsuite ignored="4" hostname="DESKTOP-R9M8R8C" failures="3" tests="4" name="Test" time="52.08" errors="0" timestamp="2024-12-30T22:29:24 IST">
  <testcase classname="com.oc.qa.TestCases.AddressTest" name="Addressupdate" time="13.419"/>
  <testcase classname="com.oc.qa.TestCases.AddressTest" name="Addressupdate" time="10.183">
    <failure type="junit.framework.AssertionFailedError">
      <![CDATA[junit.framework.AssertionFailedError
at junit.framework.Assert.fail(Assert.java:47)
at junit.framework.Assert.fail(Assert.java:53)
at com.oc.qa.TestCases.AddressTest.Addressupdate(AddressTest.java:88)
at java.base/java.util.ArrayList.forEach(ArrayList.java:1511)
... Removed 27 stack frames]]>
    </failure>
  </testcase> <!-- Addressupdate -->
  <testcase classname="com.oc.qa.TestCases.AddressTest" name="Addressupdate" time="10.146">
    <failure type="junit.framework.AssertionFailedError">
      <![CDATA[junit.framework.AssertionFailedError
at junit.framework.Assert.fail(Assert.java:47)
at junit.framework.Assert.fail(Assert.java:53)
at com.oc.qa.TestCases.AddressTest.Addressupdate(AddressTest.java:88)
at java.base/java.util.ArrayList.forEach(ArrayList.java:1511)
... Removed 27 stack frames]]>
    </failure>
  </testcase> <!-- Addressupdate -->
  <testcase classname="com.oc.qa.TestCases.AddressTest" name="Addressupdate" time="10.167">
    <failure type="junit.framework.AssertionFailedError">
      <![CDATA[junit.framework.AssertionFailedError
at junit.framework.Assert.fail(Assert.java:47)
at junit.framework.Assert.fail(Assert.java:53)
at com.oc.qa.TestCases.AddressTest.Addressupdate(AddressTest.java:88)
at java.base/java.util.ArrayList.forEach(ArrayList.java:1511)
... Removed 27 stack frames]]>
    </failure>
  </testcase> <!-- Addressupdate -->
  <testcase classname="com.oc.qa.TestCases.LoginTestDDT" name="verify_loginDDT" time="0.0">
    <ignored/>
  </testcase> <!-- verify_loginDDT -->
  <testcase classname="com.oc.qa.TestCases.SearchProductTest" name="SearchproductTest" time="0.0">
    <ignored/>
  </testcase> <!-- SearchproductTest -->
  <testcase classname="com.oc.qa.TestCases.LoginTest" name="Acc_LoginTest" time="0.0">
    <ignored/>
  </testcase> <!-- Acc_LoginTest -->
  <testcase classname="com.oc.qa.TestCases.RegistrationTest" name="Acc_RegistrationTest" time="0.0">
    <ignored/>
  </testcase> <!-- Acc_RegistrationTest -->
</testsuite> <!-- Test -->
